<?xml version="1.0" encoding="UTF-8"?>
<!-- Generated by org.testng.reporters.JUnitReportReporter -->
<testsuite skipped="0" hostname="LAPTOP-S1G3HPGS" name="com.syntax.testcases.LoginPageTest" tests="2" failures="0" timestamp="15 Jun 2019 18:41:41 GMT" time="16.373" errors="0">
  <testcase name="doLogin" time="8.719" classname="com.syntax.testcases.LoginPageTest"/>
  <testcase name="loginToOrangeHRM" time="7.654" classname="com.syntax.testcases.LoginPageTest"/>
</testsuite> <!-- com.syntax.testcases.LoginPageTest -->
