<?xml version="1.0" encoding="UTF-8"?>
<!-- Generated by org.testng.reporters.JUnitReportReporter -->
<testsuite skipped="0" hostname="LAPTOP-S1G3HPGS" name="com.syntax.practice.ExcelFunctionsTest" tests="1" failures="0" timestamp="15 Jun 2019 17:19:44 GMT" time="0.687" errors="0">
  <testcase name="excelTest" time="0.687" classname="com.syntax.practice.ExcelFunctionsTest"/>
</testsuite> <!-- com.syntax.practice.ExcelFunctionsTest -->
